xueZhuLi10/build/outputs/logs/manifest-merger-debug-report.txt
-- Merging decision tree log ---
manifest
ADDED from src\main\AndroidManifest.xml:2:1-567:12
	package
		ADDED from src\main\AndroidManifest.xml:3:5-35
		INJECTED from src\main\AndroidManifest.xml
		INJECTED from src\main\AndroidManifest.xml
	android:versionName
		ADDED from src\main\AndroidManifest.xml:5:5-32
		INJECTED from src\main\AndroidManifest.xml
		INJECTED from src\main\AndroidManifest.xml
	android:versionCode
		ADDED from src\main\AndroidManifest.xml:4:5-29
		INJECTED from src\main\AndroidManifest.xml
		INJECTED from src\main\AndroidManifest.xml
	xmlns:android
		ADDED from src\main\AndroidManifest.xml:2:11-69
uses-feature#android.hardware.camera
ADDED from src\main\AndroidManifest.xml:7:5-9:35
	android:required
		ADDED from src\main\AndroidManifest.xml:9:9-32
	android:name
		ADDED from src\main\AndroidManifest.xml:8:9-47
uses-permission#android.permission.RECORD_AUDIO
ADDED from src\main\AndroidManifest.xml:11:5-71
	android:name
		ADDED from src\main\AndroidManifest.xml:11:22-68
uses-permission#android.permission.CAMERA
ADDED from src\main\AndroidManifest.xml:12:5-65
	android:name
		ADDED from src\main\AndroidManifest.xml:12:22-62
uses-permission#android.permission.DISABLE_KEYGUARD
ADDED from src\main\AndroidManifest.xml:13:5-75
	android:name
		ADDED from src\main\AndroidManifest.xml:13:22-72
uses-permission#android.permission.ACCESS_NETWORK_STATE
ADDED from src\main\AndroidManifest.xml:15:5-79
	android:name
		ADDED from src\main\AndroidManifest.xml:15:22-76
uses-permission#android.permission.INTERNET
ADDED from src\main\AndroidManifest.xml:16:5-67
	android:name
		ADDED from src\main\AndroidManifest.xml:16:22-64
uses-permission#android.permission.ACCESS_WIFI_STATE
ADDED from src\main\AndroidManifest.xml:17:5-76
	android:name
		ADDED from src\main\AndroidManifest.xml:17:22-73
uses-permission#android.permission.CHANGE_WIFI_STATE
ADDED from src\main\AndroidManifest.xml:18:5-76
	android:name
		ADDED from src\main\AndroidManifest.xml:18:22-73
uses-permission#android.permission.WRITE_EXTERNAL_STORAGE
ADDED from src\main\AndroidManifest.xml:20:5-81
	android:name
		ADDED from src\main\AndroidManifest.xml:20:22-78
uses-permission#android.permission.READ_EXTERNAL_STORAGE
ADDED from src\main\AndroidManifest.xml:21:5-80
	android:name
		ADDED from src\main\AndroidManifest.xml:21:22-77
uses-permission#android.permission.WRITE_SETTINGS
ADDED from src\main\AndroidManifest.xml:22:5-73
	android:name
		ADDED from src\main\AndroidManifest.xml:22:22-70
uses-permission#android.permission.READ_PHONE_STATE
ADDED from src\main\AndroidManifest.xml:24:5-75
	android:name
		ADDED from src\main\AndroidManifest.xml:24:22-72
uses-permission#android.permission.CALL_PHONE
ADDED from src\main\AndroidManifest.xml:25:5-69
	android:name
		ADDED from src\main\AndroidManifest.xml:25:22-66
uses-permission#android.permission.ACCESS_FINE_LOCATION
ADDED from src\main\AndroidManifest.xml:27:5-79
	android:name
		ADDED from src\main\AndroidManifest.xml:27:22-76
permission#android.permission.BAIDU_LOCATION_SERVICE
ADDED from src\main\AndroidManifest.xml:29:5-76
	android:name
		ADDED from src\main\AndroidManifest.xml:29:17-73
uses-permission#android.permission.BAIDU_LOCATION_SERVICE
ADDED from src\main\AndroidManifest.xml:31:5-81
	android:name
		ADDED from src\main\AndroidManifest.xml:31:22-78
uses-permission#android.permission.ACCESS_COARSE_LOCATION
ADDED from src\main\AndroidManifest.xml:32:5-81
	android:name
		ADDED from src\main\AndroidManifest.xml:32:22-78
uses-permission#android.permission.ACCESS_GPS
ADDED from src\main\AndroidManifest.xml:33:5-69
	android:name
		ADDED from src\main\AndroidManifest.xml:33:22-66
uses-permission#android.permission.MOUNT_UNMOUNT_FILESYSTEMS
ADDED from src\main\AndroidManifest.xml:38:5-84
	android:name
		ADDED from src\main\AndroidManifest.xml:38:22-81
uses-permission#android.permission.READ_LOGS
ADDED from src\main\AndroidManifest.xml:39:5-68
	android:name
		ADDED from src\main\AndroidManifest.xml:39:22-65
uses-permission#android.permission.VIBRATE
ADDED from src\main\AndroidManifest.xml:40:5-66
	android:name
		ADDED from src\main\AndroidManifest.xml:40:22-63
uses-permission#android.permission.WAKE_LOCK
ADDED from src\main\AndroidManifest.xml:41:5-68
	android:name
		ADDED from src\main\AndroidManifest.xml:41:22-65
application
ADDED from src\main\AndroidManifest.xml:43:5-565:19
MERGED from [JiaoBao1.0-andr:xZLpulltorefresh_lib:unspecified] AndroidManifest.xml:11:5-20
MERGED from [com.actionbarsherlock:actionbarsherlock:4.4.0] AndroidManifest.xml:4:3-17
MERGED from [com.android.support:support-v4:22.1.0] AndroidManifest.xml:22:5-20
MERGED from [com.android.support.constraint:constraint-layout:1.0.2] AndroidManifest.xml:9:5-20
	android:screenOrientation
		ADDED from src\main\AndroidManifest.xml:48:9-45
	android:label
		ADDED from src\main\AndroidManifest.xml:47:9-41
	android:allowBackup
		ADDED from src\main\AndroidManifest.xml:45:9-36
	android:icon
		ADDED from src\main\AndroidManifest.xml:46:9-40
	android:theme
		ADDED from src\main\AndroidManifest.xml:49:9-45
	android:name
		ADDED from src\main\AndroidManifest.xml:44:9-39
meta-data#UMENG_APPKEY
ADDED from src\main\AndroidManifest.xml:50:9-52:56
	android:value
		ADDED from src\main\AndroidManifest.xml:52:13-53
	android:name
		ADDED from src\main\AndroidManifest.xml:51:13-40
meta-data#UMENG_CHANNEL
ADDED from src\main\AndroidManifest.xml:53:9-55:40
	android:value
		ADDED from src\main\AndroidManifest.xml:55:13-37
	android:name
		ADDED from src\main\AndroidManifest.xml:54:13-41
activity#com.jsy_jiaobao.main.system.SplashActivity
ADDED from src\main\AndroidManifest.xml:57:9-67:20
	android:screenOrientation
		ADDED from src\main\AndroidManifest.xml:60:13-49
	android:label
		ADDED from src\main\AndroidManifest.xml:59:13-45
	android:theme
		ADDED from src\main\AndroidManifest.xml:61:13-49
	android:name
		ADDED from src\main\AndroidManifest.xml:58:13-50
intent-filter#android.intent.action.MAIN+android.intent.category.LAUNCHER
ADDED from src\main\AndroidManifest.xml:62:13-66:29
action#android.intent.action.MAIN
ADDED from src\main\AndroidManifest.xml:63:17-69
	android:name
		ADDED from src\main\AndroidManifest.xml:63:25-66
category#android.intent.category.LAUNCHER
ADDED from src\main\AndroidManifest.xml:65:17-77
	android:name
		ADDED from src\main\AndroidManifest.xml:65:27-74
activity#com.jsy_jiaobao.main.system.LoginActivity
ADDED from src\main\AndroidManifest.xml:68:9-74:84
	android:screenOrientation
		ADDED from src\main\AndroidManifest.xml:72:13-49
	android:label
		ADDED from src\main\AndroidManifest.xml:70:13-45
	android:launchMode
		ADDED from src\main\AndroidManifest.xml:71:13-43
	android:windowSoftInputMode
		ADDED from src\main\AndroidManifest.xml:74:13-72
	android:theme
		ADDED from src\main\AndroidManifest.xml:73:13-49
	android:name
		ADDED from src\main\AndroidManifest.xml:69:13-49
activity#com.jsy_jiaobao.main.BaseActivity
ADDED from src\main\AndroidManifest.xml:75:9-80:70
	android:screenOrientation
		ADDED from src\main\AndroidManifest.xml:78:13-49
	android:launchMode
		ADDED from src\main\AndroidManifest.xml:77:13-44
	android:windowSoftInputMode
		ADDED from src\main\AndroidManifest.xml:80:13-67
	android:theme
		ADDED from src\main\AndroidManifest.xml:79:13-49
	android:name
		ADDED from src\main\AndroidManifest.xml:76:13-41
activity#com.jsy_jiaobao.main.personalcenter.MessageCenterActivity
ADDED from src\main\AndroidManifest.xml:82:9-87:55
	android:screenOrientation
		ADDED from src\main\AndroidManifest.xml:85:13-49
	android:launchMode
		ADDED from src\main\AndroidManifest.xml:84:13-44
	android:windowSoftInputMode
		ADDED from src\main\AndroidManifest.xml:87:13-52
	android:theme
		ADDED from src\main\AndroidManifest.xml:86:13-49
	android:name
		ADDED from src\main\AndroidManifest.xml:83:13-65
activity#com.jsy_jiaobao.main.affairs.WorkSendToSbActivity
ADDED from src\main\AndroidManifest.xml:94:9-99:70
	android:screenOrientation
		ADDED from src\main\AndroidManifest.xml:97:13-49
	android:launchMode
		ADDED from src\main\AndroidManifest.xml:96:13-44
	android:windowSoftInputMode
		ADDED from src\main\AndroidManifest.xml:99:13-67
	android:theme
		ADDED from src\main\AndroidManifest.xml:98:13-49
	android:name
		ADDED from src\main\AndroidManifest.xml:95:13-57
activity#com.jsy_jiaobao.main.affairs.WorkSendToSbActivity2
ADDED from src\main\AndroidManifest.xml:100:9-105:55
	android:screenOrientation
		ADDED from src\main\AndroidManifest.xml:103:13-49
	android:launchMode
		ADDED from src\main\AndroidManifest.xml:102:13-44
	android:windowSoftInputMode
		ADDED from src\main\AndroidManifest.xml:105:13-52
	android:theme
		ADDED from src\main\AndroidManifest.xml:104:13-49
	android:name
		ADDED from src\main\AndroidManifest.xml:101:13-58
activity#com.filechoser.grivider.FileChooseActivity
ADDED from src\main\AndroidManifest.xml:106:9-111:70
	android:screenOrientation
		ADDED from src\main\AndroidManifest.xml:109:13-49
	android:launchMode
		ADDED from src\main\AndroidManifest.xml:108:13-42
	android:windowSoftInputMode
		ADDED from src\main\AndroidManifest.xml:111:13-67
	android:theme
		ADDED from src\main\AndroidManifest.xml:110:13-49
	android:name
		ADDED from src\main\AndroidManifest.xml:107:13-70
activity#com.jsy_jiaobao.main.affairs.WorkSendAgainActivity
ADDED from src\main\AndroidManifest.xml:112:9-117:58
	android:screenOrientation
		ADDED from src\main\AndroidManifest.xml:115:13-49
	android:launchMode
		ADDED from src\main\AndroidManifest.xml:114:13-44
	android:windowSoftInputMode
		ADDED from src\main\AndroidManifest.xml:117:13-55
	android:theme
		ADDED from src\main\AndroidManifest.xml:116:13-49
	android:name
		ADDED from src\main\AndroidManifest.xml:113:13-58
activity#com.jsy_jiaobao.main.affairs.WorkSendToLowActivity
ADDED from src\main\AndroidManifest.xml:118:9-123:70
	android:screenOrientation
		ADDED from src\main\AndroidManifest.xml:121:13-49
	android:launchMode
		ADDED from src\main\AndroidManifest.xml:120:13-44
	android:windowSoftInputMode
		ADDED from src\main\AndroidManifest.xml:123:13-67
	android:theme
		ADDED from src\main\AndroidManifest.xml:122:13-49
	android:name
		ADDED from src\main\AndroidManifest.xml:119:13-58
activity#com.jsy_jiaobao.main.affairs.WorkJuniorUnitListActivity
ADDED from src\main\AndroidManifest.xml:124:9-129:70
	android:screenOrientation
		ADDED from src\main\AndroidManifest.xml:127:13-49
	android:launchMode
		ADDED from src\main\AndroidManifest.xml:126:13-42
	android:windowSoftInputMode
		ADDED from src\main\AndroidManifest.xml:129:13-67
	android:theme
		ADDED from src\main\AndroidManifest.xml:128:13-49
	android:name
		ADDED from src\main\AndroidManifest.xml:125:13-63
activity#com.jsy_jiaobao.main.affairs.WorkSendToAllActivity
ADDED from src\main\AndroidManifest.xml:130:9-135:70
	android:screenOrientation
		ADDED from src\main\AndroidManifest.xml:133:13-49
	android:launchMode
		ADDED from src\main\AndroidManifest.xml:132:13-44
	android:windowSoftInputMode
		ADDED from src\main\AndroidManifest.xml:135:13-67
	android:theme
		ADDED from src\main\AndroidManifest.xml:134:13-49
	android:name
		ADDED from src\main\AndroidManifest.xml:131:13-58
activity#com.jsy_jiaobao.main.schoolcircle.Show2MoreArticleListActivity
ADDED from src\main\AndroidManifest.xml:150:9-155:55
	android:screenOrientation
		ADDED from src\main\AndroidManifest.xml:153:13-49
	android:launchMode
		ADDED from src\main\AndroidManifest.xml:152:13-44
	android:windowSoftInputMode
		ADDED from src\main\AndroidManifest.xml:155:13-52
	android:theme
		ADDED from src\main\AndroidManifest.xml:154:13-49
	android:name
		ADDED from src\main\AndroidManifest.xml:151:13-70
activity#com.jsy_jiaobao.main.schoolcircle.UnitSpacePhotoActivity
ADDED from src\main\AndroidManifest.xml:168:9-173:70
	android:screenOrientation
		ADDED from src\main\AndroidManifest.xml:171:13-49
	android:launchMode
		ADDED from src\main\AndroidManifest.xml:170:13-44
	android:windowSoftInputMode
		ADDED from src\main\AndroidManifest.xml:173:13-67
	android:theme
		ADDED from src\main\AndroidManifest.xml:172:13-49
	android:name
		ADDED from src\main\AndroidManifest.xml:169:13-64
activity#com.jsy_jiaobao.main.schoolcircle.UnitSpacePhotoExpActivity
ADDED from src\main\AndroidManifest.xml:174:9-179:70
	android:screenOrientation
		ADDED from src\main\AndroidManifest.xml:177:13-49
	android:launchMode
		ADDED from src\main\AndroidManifest.xml:176:13-44
	android:windowSoftInputMode
		ADDED from src\main\AndroidManifest.xml:179:13-67
	android:theme
		ADDED from src\main\AndroidManifest.xml:178:13-49
	android:name
		ADDED from src\main\AndroidManifest.xml:175:13-67
activity#com.jsy_jiaobao.main.schoolcircle.UnitSpacePhotoGroupActivity
ADDED from src\main\AndroidManifest.xml:180:9-185:70
	android:screenOrientation
		ADDED from src\main\AndroidManifest.xml:183:13-49
	android:launchMode
		ADDED from src\main\AndroidManifest.xml:182:13-42
	android:windowSoftInputMode
		ADDED from src\main\AndroidManifest.xml:185:13-67
	android:theme
		ADDED from src\main\AndroidManifest.xml:184:13-49
	android:name
		ADDED from src\main\AndroidManifest.xml:181:13-69
activity#com.jsy_jiaobao.main.schoolcircle.SpacePhotoCreateActivity
ADDED from src\main\AndroidManifest.xml:186:9-191:70
	android:screenOrientation
		ADDED from src\main\AndroidManifest.xml:189:13-49
	android:launchMode
		ADDED from src\main\AndroidManifest.xml:188:13-42
	android:windowSoftInputMode
		ADDED from src\main\AndroidManifest.xml:191:13-67
	android:theme
		ADDED from src\main\AndroidManifest.xml:190:13-49
	android:name
		ADDED from src\main\AndroidManifest.xml:187:13-66
activity#com.jsy_jiaobao.main.schoolcircle.UnitSpaceExpActivity
ADDED from src\main\AndroidManifest.xml:192:9-197:70
	android:screenOrientation
		ADDED from src\main\AndroidManifest.xml:195:13-49
	android:launchMode
		ADDED from src\main\AndroidManifest.xml:194:13-42
	android:windowSoftInputMode
		ADDED from src\main\AndroidManifest.xml:197:13-67
	android:theme
		ADDED from src\main\AndroidManifest.xml:196:13-49
	android:name
		ADDED from src\main\AndroidManifest.xml:193:13-62
activity#com.jsy_jiaobao.main.schoolcircle.UnitSpaceBriefInfo
ADDED from src\main\AndroidManifest.xml:198:9-203:70
	android:screenOrientation
		ADDED from src\main\AndroidManifest.xml:201:13-49
	android:launchMode
		ADDED from src\main\AndroidManifest.xml:200:13-42
	android:windowSoftInputMode
		ADDED from src\main\AndroidManifest.xml:203:13-67
	android:theme
		ADDED from src\main\AndroidManifest.xml:202:13-49
	android:name
		ADDED from src\main\AndroidManifest.xml:199:13-60
activity#com.jsy_jiaobao.main.schoolcircle.UnitSpaceActivity
ADDED from src\main\AndroidManifest.xml:204:9-209:70
	android:screenOrientation
		ADDED from src\main\AndroidManifest.xml:207:13-49
	android:launchMode
		ADDED from src\main\AndroidManifest.xml:206:13-42
	android:windowSoftInputMode
		ADDED from src\main\AndroidManifest.xml:209:13-67
	android:theme
		ADDED from src\main\AndroidManifest.xml:208:13-49
	android:name
		ADDED from src\main\AndroidManifest.xml:205:13-59
activity#com.jsy_jiaobao.main.personalcenter.PersonalSpaceActivity
ADDED from src\main\AndroidManifest.xml:216:9-221:70
	android:screenOrientation
		ADDED from src\main\AndroidManifest.xml:219:13-49
	android:launchMode
		ADDED from src\main\AndroidManifest.xml:218:13-42
	android:windowSoftInputMode
		ADDED from src\main\AndroidManifest.xml:221:13-67
	android:theme
		ADDED from src\main\AndroidManifest.xml:220:13-49
	android:name
		ADDED from src\main\AndroidManifest.xml:217:13-65
activity#com.jsy_jiaobao.main.personalcenter.PersonalInfoActivity
ADDED from src\main\AndroidManifest.xml:222:9-227:70
	android:screenOrientation
		ADDED from src\main\AndroidManifest.xml:225:13-49
	android:launchMode
		ADDED from src\main\AndroidManifest.xml:224:13-44
	android:windowSoftInputMode
		ADDED from src\main\AndroidManifest.xml:227:13-67
	android:theme
		ADDED from src\main\AndroidManifest.xml:226:13-49
	android:name
		ADDED from src\main\AndroidManifest.xml:223:13-64
activity#com.jsy_jiaobao.main.affairs.WorkSendToSMSActivity
ADDED from src\main\AndroidManifest.xml:234:9-239:70
	android:screenOrientation
		ADDED from src\main\AndroidManifest.xml:237:13-49
	android:launchMode
		ADDED from src\main\AndroidManifest.xml:236:13-44
	android:windowSoftInputMode
		ADDED from src\main\AndroidManifest.xml:239:13-67
	android:theme
		ADDED from src\main\AndroidManifest.xml:238:13-49
	android:name
		ADDED from src\main\AndroidManifest.xml:235:13-58
activity#com.jsy_jiaobao.main.affairs.WorkMoreActivity
ADDED from src\main\AndroidManifest.xml:240:9-245:70
	android:screenOrientation
		ADDED from src\main\AndroidManifest.xml:243:13-49
	android:launchMode
		ADDED from src\main\AndroidManifest.xml:242:13-44
	android:windowSoftInputMode
		ADDED from src\main\AndroidManifest.xml:245:13-67
	android:theme
		ADDED from src\main\AndroidManifest.xml:244:13-49
	android:name
		ADDED from src\main\AndroidManifest.xml:241:13-53
activity#com.jsy_jiaobao.main.affairs.Work2MineDetailsListActivity
ADDED from src\main\AndroidManifest.xml:246:9-251:70
	android:screenOrientation
		ADDED from src\main\AndroidManifest.xml:249:13-49
	android:launchMode
		ADDED from src\main\AndroidManifest.xml:248:13-44
	android:windowSoftInputMode
		ADDED from src\main\AndroidManifest.xml:251:13-67
	android:theme
		ADDED from src\main\AndroidManifest.xml:250:13-49
	android:name
		ADDED from src\main\AndroidManifest.xml:247:13-65
activity#com.jsy_jiaobao.main.affairs.Work2OthersDetailsListActivity
ADDED from src\main\AndroidManifest.xml:252:9-257:70
	android:screenOrientation
		ADDED from src\main\AndroidManifest.xml:255:13-49
	android:launchMode
		ADDED from src\main\AndroidManifest.xml:254:13-44
	android:windowSoftInputMode
		ADDED from src\main\AndroidManifest.xml:257:13-67
	android:theme
		ADDED from src\main\AndroidManifest.xml:256:13-49
	android:name
		ADDED from src\main\AndroidManifest.xml:253:13-67
activity#com.jsy_jiaobao.main.affairs.Work2DetailsListItemActivity
ADDED from src\main\AndroidManifest.xml:258:9-263:70
	android:screenOrientation
		ADDED from src\main\AndroidManifest.xml:261:13-49
	android:launchMode
		ADDED from src\main\AndroidManifest.xml:260:13-44
	android:windowSoftInputMode
		ADDED from src\main\AndroidManifest.xml:263:13-67
	android:theme
		ADDED from src\main\AndroidManifest.xml:262:13-49
	android:name
		ADDED from src\main\AndroidManifest.xml:259:13-65
activity#com.jsy_jiaobao.main.schoolcircle.NoticeArtListActivity
ADDED from src\main\AndroidManifest.xml:264:9-269:70
	android:screenOrientation
		ADDED from src\main\AndroidManifest.xml:267:13-49
	android:launchMode
		ADDED from src\main\AndroidManifest.xml:266:13-44
	android:windowSoftInputMode
		ADDED from src\main\AndroidManifest.xml:269:13-67
	android:theme
		ADDED from src\main\AndroidManifest.xml:268:13-49
	android:name
		ADDED from src\main\AndroidManifest.xml:265:13-63
activity#com.jsy_jiaobao.main.schoolcircle.ArticleDetailsActivity
ADDED from src\main\AndroidManifest.xml:288:9-295:58
	android:screenOrientation
		ADDED from src\main\AndroidManifest.xml:293:13-49
	android:hardwareAccelerated
		ADDED from src\main\AndroidManifest.xml:290:13-47
	android:launchMode
		ADDED from src\main\AndroidManifest.xml:291:13-42
	android:layerType
		ADDED from src\main\AndroidManifest.xml:292:13-41
	android:windowSoftInputMode
		ADDED from src\main\AndroidManifest.xml:295:13-55
	android:theme
		ADDED from src\main\AndroidManifest.xml:294:13-49
	android:name
		ADDED from src\main\AndroidManifest.xml:289:13-64
activity#com.jsy_jiaobao.main.schoolcircle.NoticeJuniorListActivity
ADDED from src\main\AndroidManifest.xml:304:9-308:58
	android:screenOrientation
		ADDED from src\main\AndroidManifest.xml:306:13-49
	android:windowSoftInputMode
		ADDED from src\main\AndroidManifest.xml:308:13-55
	android:theme
		ADDED from src\main\AndroidManifest.xml:307:13-49
	android:name
		ADDED from src\main\AndroidManifest.xml:305:13-66
activity#com.jsy_jiaobao.main.personalcenter.PublishArticaleActivity
ADDED from src\main\AndroidManifest.xml:315:9-320:67
	android:screenOrientation
		ADDED from src\main\AndroidManifest.xml:318:13-49
	android:launchMode
		ADDED from src\main\AndroidManifest.xml:317:13-44
	android:windowSoftInputMode
		ADDED from src\main\AndroidManifest.xml:320:13-64
	android:theme
		ADDED from src\main\AndroidManifest.xml:319:13-49
	android:name
		ADDED from src\main\AndroidManifest.xml:316:13-67
activity#com.jsy_jiaobao.main.affairs.WorkDetailsActivity
ADDED from src\main\AndroidManifest.xml:321:9-326:67
	android:screenOrientation
		ADDED from src\main\AndroidManifest.xml:324:13-49
	android:launchMode
		ADDED from src\main\AndroidManifest.xml:323:13-44
	android:windowSoftInputMode
		ADDED from src\main\AndroidManifest.xml:326:13-64
	android:theme
		ADDED from src\main\AndroidManifest.xml:325:13-49
	android:name
		ADDED from src\main\AndroidManifest.xml:322:13-56
activity#com.jsy_jiaobao.main.appcenter.AppCenterActivity
ADDED from src\main\AndroidManifest.xml:328:9-331:52
	android:screenOrientation
		ADDED from src\main\AndroidManifest.xml:331:13-49
	android:launchMode
		ADDED from src\main\AndroidManifest.xml:330:13-44
	android:name
		ADDED from src\main\AndroidManifest.xml:329:13-56
activity#com.jsy_jiaobao.main.appcenter.sign.LocationActivity
ADDED from src\main\AndroidManifest.xml:332:9-336:52
	android:screenOrientation
		ADDED from src\main\AndroidManifest.xml:335:13-49
	android:launchMode
		ADDED from src\main\AndroidManifest.xml:334:13-44
	android:theme
		ADDED from src\main\AndroidManifest.xml:336:13-49
	android:name
		ADDED from src\main\AndroidManifest.xml:333:13-60
activity#com.jsy_jiaobao.main.appcenter.sign.SearchActivity
ADDED from src\main\AndroidManifest.xml:337:9-341:52
	android:screenOrientation
		ADDED from src\main\AndroidManifest.xml:340:13-49
	android:launchMode
		ADDED from src\main\AndroidManifest.xml:339:13-44
	android:theme
		ADDED from src\main\AndroidManifest.xml:341:13-49
	android:name
		ADDED from src\main\AndroidManifest.xml:338:13-58
activity#com.jsy_jiaobao.main.appcenter.workplan.WorkPlanActivity
ADDED from src\main\AndroidManifest.xml:342:9-346:52
	android:screenOrientation
		ADDED from src\main\AndroidManifest.xml:345:13-49
	android:launchMode
		ADDED from src\main\AndroidManifest.xml:344:13-44
	android:theme
		ADDED from src\main\AndroidManifest.xml:346:13-49
	android:name
		ADDED from src\main\AndroidManifest.xml:343:13-64
activity#com.jsy_jiaobao.main.appcenter.workplan.WorkPlanDetailsActivity
ADDED from src\main\AndroidManifest.xml:347:9-351:52
	android:screenOrientation
		ADDED from src\main\AndroidManifest.xml:350:13-49
	android:launchMode
		ADDED from src\main\AndroidManifest.xml:349:13-44
	android:theme
		ADDED from src\main\AndroidManifest.xml:351:13-49
	android:name
		ADDED from src\main\AndroidManifest.xml:348:13-71
activity#com.jsy_jiaobao.main.appcenter.workplan.WriteInfoActivity
ADDED from src\main\AndroidManifest.xml:352:9-356:52
	android:screenOrientation
		ADDED from src\main\AndroidManifest.xml:355:13-49
	android:launchMode
		ADDED from src\main\AndroidManifest.xml:354:13-44
	android:theme
		ADDED from src\main\AndroidManifest.xml:356:13-49
	android:name
		ADDED from src\main\AndroidManifest.xml:353:13-65
activity#com.jsy_jiaobao.main.appcenter.GalleryActivity
ADDED from src\main\AndroidManifest.xml:358:9-361:52
	android:screenOrientation
		ADDED from src\main\AndroidManifest.xml:360:13-49
	android:theme
		ADDED from src\main\AndroidManifest.xml:361:13-49
	android:name
		ADDED from src\main\AndroidManifest.xml:359:13-54
activity#com.jsy_jiaobao.main.affairs.SinglePictureDisplayActivity
ADDED from src\main\AndroidManifest.xml:362:9-365:52
	android:screenOrientation
		ADDED from src\main\AndroidManifest.xml:364:13-49
	android:theme
		ADDED from src\main\AndroidManifest.xml:365:13-49
	android:name
		ADDED from src\main\AndroidManifest.xml:363:13-65
activity#com.jsy_jiaobao.main.system.QiuzhiQuestionListActivity
ADDED from src\main\AndroidManifest.xml:368:9-373:70
	android:screenOrientation
		ADDED from src\main\AndroidManifest.xml:371:13-49
	android:launchMode
		ADDED from src\main\AndroidManifest.xml:370:13-44
	android:windowSoftInputMode
		ADDED from src\main\AndroidManifest.xml:373:13-67
	android:theme
		ADDED from src\main\AndroidManifest.xml:372:13-49
	android:name
		ADDED from src\main\AndroidManifest.xml:369:13-62
activity#com.jsy_jiaobao.main.system.QiuzhiPersonalCenterActivity
ADDED from src\main\AndroidManifest.xml:374:9-378:70
	android:screenOrientation
		ADDED from src\main\AndroidManifest.xml:377:13-49
	android:launchMode
		ADDED from src\main\AndroidManifest.xml:376:13-44
	android:windowSoftInputMode
		ADDED from src\main\AndroidManifest.xml:378:13-67
	android:name
		ADDED from src\main\AndroidManifest.xml:375:13-64
activity#com.jsy_jiaobao.main.system.SystemActivity
ADDED from src\main\AndroidManifest.xml:379:9-383:70
	android:screenOrientation
		ADDED from src\main\AndroidManifest.xml:382:13-49
	android:launchMode
		ADDED from src\main\AndroidManifest.xml:381:13-44
	android:windowSoftInputMode
		ADDED from src\main\AndroidManifest.xml:383:13-67
	android:name
		ADDED from src\main\AndroidManifest.xml:380:13-50
activity#com.jsy_jiaobao.main.system.RegistActivity
ADDED from src\main\AndroidManifest.xml:384:9-389:70
	android:screenOrientation
		ADDED from src\main\AndroidManifest.xml:387:13-49
	android:launchMode
		ADDED from src\main\AndroidManifest.xml:386:13-44
	android:windowSoftInputMode
		ADDED from src\main\AndroidManifest.xml:389:13-67
	android:theme
		ADDED from src\main\AndroidManifest.xml:388:13-49
	android:name
		ADDED from src\main\AndroidManifest.xml:385:13-50
activity#com.jsy_jiaobao.main.system.PersonalCenterActivity
ADDED from src\main\AndroidManifest.xml:390:9-395:70
	android:screenOrientation
		ADDED from src\main\AndroidManifest.xml:393:13-49
	android:launchMode
		ADDED from src\main\AndroidManifest.xml:392:13-44
	android:windowSoftInputMode
		ADDED from src\main\AndroidManifest.xml:395:13-67
	android:theme
		ADDED from src\main\AndroidManifest.xml:394:13-49
	android:name
		ADDED from src\main\AndroidManifest.xml:391:13-58
activity#com.jsy_jiaobao.main.system.PersonalCenterChangeActivity
ADDED from src\main\AndroidManifest.xml:396:9-401:70
	android:screenOrientation
		ADDED from src\main\AndroidManifest.xml:399:13-49
	android:launchMode
		ADDED from src\main\AndroidManifest.xml:398:13-44
	android:windowSoftInputMode
		ADDED from src\main\AndroidManifest.xml:401:13-67
	android:theme
		ADDED from src\main\AndroidManifest.xml:400:13-49
	android:name
		ADDED from src\main\AndroidManifest.xml:397:13-64
activity#com.jsy_jiaobao.main.personalcenter.QiuZhiPickedDetailsActivity
ADDED from src\main\AndroidManifest.xml:405:9-410:70
	android:screenOrientation
		ADDED from src\main\AndroidManifest.xml:408:13-49
	android:launchMode
		ADDED from src\main\AndroidManifest.xml:407:13-44
	android:windowSoftInputMode
		ADDED from src\main\AndroidManifest.xml:410:13-67
	android:theme
		ADDED from src\main\AndroidManifest.xml:409:13-49
	android:name
		ADDED from src\main\AndroidManifest.xml:406:13-71
activity#com.jsy_jiaobao.main.personalcenter.QiuZhiPickedBaseActivity
ADDED from src\main\AndroidManifest.xml:411:9-416:70
	android:screenOrientation
		ADDED from src\main\AndroidManifest.xml:414:13-49
	android:launchMode
		ADDED from src\main\AndroidManifest.xml:413:13-44
	android:windowSoftInputMode
		ADDED from src\main\AndroidManifest.xml:416:13-67
	android:theme
		ADDED from src\main\AndroidManifest.xml:415:13-49
	android:name
		ADDED from src\main\AndroidManifest.xml:412:13-68
activity#com.jsy_jiaobao.main.personalcenter.QiuZhiSiftListActivity
ADDED from src\main\AndroidManifest.xml:417:9-422:70
	android:screenOrientation
		ADDED from src\main\AndroidManifest.xml:420:13-49
	android:launchMode
		ADDED from src\main\AndroidManifest.xml:419:13-44
	android:windowSoftInputMode
		ADDED from src\main\AndroidManifest.xml:422:13-67
	android:theme
		ADDED from src\main\AndroidManifest.xml:421:13-49
	android:name
		ADDED from src\main\AndroidManifest.xml:418:13-66
activity#com.jsy_jiaobao.main.personalcenter.QiuZhiPublishQuestionActivity
ADDED from src\main\AndroidManifest.xml:423:9-427:70
	android:screenOrientation
		ADDED from src\main\AndroidManifest.xml:425:13-49
	android:windowSoftInputMode
		ADDED from src\main\AndroidManifest.xml:427:13-67
	android:theme
		ADDED from src\main\AndroidManifest.xml:426:13-49
	android:name
		ADDED from src\main\AndroidManifest.xml:424:13-73
activity#com.jsy_jiaobao.main.personalcenter.QiuZhiQuestionDetailsActivity
ADDED from src\main\AndroidManifest.xml:428:9-433:58
	android:screenOrientation
		ADDED from src\main\AndroidManifest.xml:431:13-49
	android:launchMode
		ADDED from src\main\AndroidManifest.xml:430:13-44
	android:windowSoftInputMode
		ADDED from src\main\AndroidManifest.xml:433:13-55
	android:theme
		ADDED from src\main\AndroidManifest.xml:432:13-49
	android:name
		ADDED from src\main\AndroidManifest.xml:429:13-73
activity#com.jsy_jiaobao.main.personalcenter.QiuZhiChoseClazzActivity
ADDED from src\main\AndroidManifest.xml:434:9-439:72
	android:screenOrientation
		ADDED from src\main\AndroidManifest.xml:437:13-49
	android:launchMode
		ADDED from src\main\AndroidManifest.xml:436:13-42
	android:windowSoftInputMode
		ADDED from src\main\AndroidManifest.xml:439:13-69
	android:theme
		ADDED from src\main\AndroidManifest.xml:438:13-49
	android:name
		ADDED from src\main\AndroidManifest.xml:435:13-68
activity#com.jsy_jiaobao.main.personalcenter.QiuZhiQuestionAnswerListActivity
ADDED from src\main\AndroidManifest.xml:446:9-451:55
	android:screenOrientation
		ADDED from src\main\AndroidManifest.xml:449:13-49
	android:launchMode
		ADDED from src\main\AndroidManifest.xml:448:13-44
	android:windowSoftInputMode
		ADDED from src\main\AndroidManifest.xml:451:13-52
	android:theme
		ADDED from src\main\AndroidManifest.xml:450:13-49
	android:name
		ADDED from src\main\AndroidManifest.xml:447:13-76